Date: 2023-10-16 18:29:10
Ontology source: /C:/Users/Acer/Documents/GitHub/ThaiLocalIngredients/ThaiIngredients-v4.owl
Worksheet source: C:\Users\Acer\Documents\GitHub\ThaiLocalIngredients\Thai local ingredients.xlsx
Transformation rules: C:\Users\Acer\Documents\GitHub\ThaiLocalIngredients\rules\rules-v4-cereal-baseName.json

# Cell range: (Cereals!B2:C53) Comment: "English Name"
# Class: @B*
# EquivalentTo: @C*
# SubClassOf: Cereal

Class: Small Dried Noodle Rice  # Generated from value "Small Dried Noodle Rice" located at cell 'Cereals'!B4.
   SubClassOf: Cereal
   EquivalentTo: 
Class: Small Fresh Noodle Rice  # Generated from value "Small Fresh Noodle Rice" located at cell 'Cereals'!B5.
   SubClassOf: Cereal
   EquivalentTo: 
Class: Big Fresh Noodle Rice  # Generated from value "Big Fresh Noodle Rice" located at cell 'Cereals'!B6.
   SubClassOf: Cereal
   EquivalentTo: 
Class: Cooked Noodle Rice  # Generated from value "Cooked Noodle Rice" located at cell 'Cereals'!B7.
   SubClassOf: Cereal
   EquivalentTo: 
Class: Fermented Noodle Rice  # Generated from value "Fermented Noodle Rice" located at cell 'Cereals'!B8.
   SubClassOf: Cereal
   EquivalentTo: 
Class: Bread  # Generated from value "Bread" located at cell 'Cereals'!B9.
   SubClassOf: Cereal
   EquivalentTo: 
Class: Brown Germinated Rice  # Generated from value "Brown Germinated Rice" located at cell 'Cereals'!B10.
   SubClassOf: Cereal
   EquivalentTo: 
Class: Hightland Brown Rice  # Generated from value "Hightland Brown Rice" located at cell 'Cereals'!B11.
   SubClassOf: Cereal
   EquivalentTo: 
Class: Hightland Red Brown Rice  # Generated from value "Hightland Red Brown Rice" located at cell 'Cereals'!B12.
   SubClassOf: Cereal
   EquivalentTo: 
Class: Homnil Brown Rice  # Generated from value "Homnil Brown Rice" located at cell 'Cereals'!B13.
   SubClassOf: Cereal
   EquivalentTo: 
Class: Jasmine Brown Rice  # Generated from value "Jasmine Brown Rice" located at cell 'Cereals'!B14.
   SubClassOf: Cereal
   EquivalentTo: 
Class: Polished Rice 5 percents  # Generated from value "Polished Rice 5 percents" located at cell 'Cereals'!B15.
   SubClassOf: Cereal
   EquivalentTo: 
Class: Polished Rice 10 percents  # Generated from value "Polished Rice 10 percents" located at cell 'Cereals'!B16.
   SubClassOf: Cereal
   EquivalentTo: 
Class: Polished Rice 100 percents  # Generated from value "Polished Rice 100 percents" located at cell 'Cereals'!B17.
   SubClassOf: Cereal
   EquivalentTo: 
Class: Vit. B Coated Rice  # Generated from value "Vit. B Coated Rice" located at cell 'Cereals'!B18.
   SubClassOf: Cereal
   EquivalentTo: 
Class: Unpolished Rice  # Generated from value "Unpolished Rice" located at cell 'Cereals'!B19.
   SubClassOf: Cereal
   EquivalentTo: 
Class: Steamed Polished Rice  # Generated from value "Steamed Polished Rice" located at cell 'Cereals'!B20.
   SubClassOf: Cereal
   EquivalentTo: 
Class: Broken Rice  # Generated from value "Broken Rice" located at cell 'Cereals'!B21.
   SubClassOf: Cereal
   EquivalentTo: 
Class: Chumsang Polished Rice  # Generated from value "Chumsang Polished Rice" located at cell 'Cereals'!B22.
   SubClassOf: Cereal
   EquivalentTo: 
Class: Chainat 1 Polished Rice  # Generated from value "Chainat 1 Polished Rice" located at cell 'Cereals'!B23.
   SubClassOf: Cereal
   EquivalentTo: 
Class: Munpu Polished Rice  # Generated from value "Munpu Polished Rice" located at cell 'Cereals'!B24.
   SubClassOf: Cereal
   EquivalentTo: 
Class: Riceberry Polished Rice  # Generated from value "Riceberry Polished Rice" located at cell 'Cereals'!B25.
   SubClassOf: Cereal
   EquivalentTo: 
Class: Sangyod Polished Rice  # Generated from value "Sangyod Polished Rice" located at cell 'Cereals'!B26.
   SubClassOf: Cereal
   EquivalentTo: 
Class: Sauhai Polished Rice  # Generated from value "Sauhai Polished Rice" located at cell 'Cereals'!B27.
   SubClassOf: Cereal
   EquivalentTo: 
Class: Homnil Polished Rice  # Generated from value "Homnil Polished Rice" located at cell 'Cereals'!B28.
   SubClassOf: Cereal
   EquivalentTo: 
Class: Jasmine Polished Rice  # Generated from value "Jasmine Polished Rice" located at cell 'Cereals'!B29.
   SubClassOf: Cereal
   EquivalentTo: 
Class: Basmati Polished Rice  # Generated from value "Basmati Polished Rice" located at cell 'Cereals'!B30.
   SubClassOf: Cereal
   EquivalentTo: 
Class: Barley  # Generated from value "Barley" located at cell 'Cereals'!B31.
   SubClassOf: Cereal
   EquivalentTo: 
Class: Boiled Yellow Corn  # Generated from value "Boiled Yellow Corn" located at cell 'Cereals'!B32.
   SubClassOf: Cereal
   EquivalentTo: 
Class: Yellow Corn  # Generated from value "Yellow Corn" located at cell 'Cereals'!B33.
   SubClassOf: Cereal
   EquivalentTo: 
Class: Waxy Corn  # Generated from value "Waxy Corn" located at cell 'Cereals'!B34.
   SubClassOf: Cereal
   EquivalentTo: Sticky corn
Class: Sorghum  # Generated from value "Sorghum" located at cell 'Cereals'!B35.
   SubClassOf: Cereal
   EquivalentTo: 
Class: Wheat  # Generated from value "Wheat" located at cell 'Cereals'!B36.
   SubClassOf: Cereal
   EquivalentTo: 
Class: Dried Germ Wheat  # Generated from value "Dried Germ Wheat" located at cell 'Cereals'!B37.
   SubClassOf: Cereal
   EquivalentTo: 
Class: Wheat  # Generated from value "Wheat" located at cell 'Cereals'!B38.
   SubClassOf: Cereal
   EquivalentTo: Wheat bran
Class: Glutinous Rice  # Generated from value "Glutinous Rice" located at cell 'Cereals'!B39.
   SubClassOf: Cereal
   EquivalentTo: 
Class: Black Glutinous Rice  # Generated from value "Black Glutinous Rice" located at cell 'Cereals'!B40.
   SubClassOf: Cereal
   EquivalentTo: 
Class: Black Glutinous Rice  # Generated from value "Black Glutinous Rice" located at cell 'Cereals'!B41.
   SubClassOf: Cereal
   EquivalentTo: 
Class: Glutinous Steamed Rice  # Generated from value "Glutinous Steamed Rice" located at cell 'Cereals'!B42.
   SubClassOf: Cereal
   EquivalentTo: 
Class: Brown Glutinous Rice  # Generated from value "Brown Glutinous Rice" located at cell 'Cereals'!B43.
   SubClassOf: Cereal
   EquivalentTo: 
Class: Oats  # Generated from value "Oats" located at cell 'Cereals'!B44.
   SubClassOf: Cereal
   EquivalentTo: 
Class: Germinated Brown Rice Beverage  # Generated from value "Germinated Brown Rice Beverage" located at cell 'Cereals'!B45.
   SubClassOf: Cereal
   EquivalentTo: 
Class: Corn Milk  # Generated from value "Corn Milk" located at cell 'Cereals'!B46.
   SubClassOf: Cereal
   EquivalentTo: 
Class: Young Rice Milk  # Generated from value "Young Rice Milk" located at cell 'Cereals'!B47.
   SubClassOf: Cereal
   EquivalentTo: 
Class: Young Rice Milk Powder  # Generated from value "Young Rice Milk Powder" located at cell 'Cereals'!B48.
   SubClassOf: Cereal
   EquivalentTo: 
Class: Noodles Wheat  # Generated from value "Noodles Wheat" located at cell 'Cereals'!B49.
   SubClassOf: Cereal
   EquivalentTo: 
Class: Rice Flour  # Generated from value "Rice Flour" located at cell 'Cereals'!B50.
   SubClassOf: Cereal
   EquivalentTo: 
Class: Job's Tears Seeds  # Generated from value "Job's Tears Seeds" located at cell 'Cereals'!B51.
   SubClassOf: Cereal
   EquivalentTo: 
Class: Dried Noodles Rice Vermicelli  # Generated from value "Dried Noodles Rice Vermicelli" located at cell 'Cereals'!B52.
   SubClassOf: Cereal
   EquivalentTo: 
Class: Small Dried Noodle Rice  # Generated from value "Small Dried Noodle Rice" located at cell 'Cereals'!B4.
   SubClassOf: Cereal
   EquivalentTo: 
Class: Small Fresh Noodle Rice  # Generated from value "Small Fresh Noodle Rice" located at cell 'Cereals'!B5.
   SubClassOf: Cereal
   EquivalentTo: 
Class: Big Fresh Noodle Rice  # Generated from value "Big Fresh Noodle Rice" located at cell 'Cereals'!B6.
   SubClassOf: Cereal
   EquivalentTo: 
Class: Cooked Noodle Rice  # Generated from value "Cooked Noodle Rice" located at cell 'Cereals'!B7.
   SubClassOf: Cereal
   EquivalentTo: 
Class: Fermented Noodle Rice  # Generated from value "Fermented Noodle Rice" located at cell 'Cereals'!B8.
   SubClassOf: Cereal
   EquivalentTo: 
Class: Bread  # Generated from value "Bread" located at cell 'Cereals'!B9.
   SubClassOf: Cereal
   EquivalentTo: 
Class: Brown Germinated Rice  # Generated from value "Brown Germinated Rice" located at cell 'Cereals'!B10.
   SubClassOf: Cereal
   EquivalentTo: 
Class: Hightland Brown Rice  # Generated from value "Hightland Brown Rice" located at cell 'Cereals'!B11.
   SubClassOf: Cereal
   EquivalentTo: 
Class: Hightland Red Brown Rice  # Generated from value "Hightland Red Brown Rice" located at cell 'Cereals'!B12.
   SubClassOf: Cereal
   EquivalentTo: 
Class: Homnil Brown Rice  # Generated from value "Homnil Brown Rice" located at cell 'Cereals'!B13.
   SubClassOf: Cereal
   EquivalentTo: 
Class: Jasmine Brown Rice  # Generated from value "Jasmine Brown Rice" located at cell 'Cereals'!B14.
   SubClassOf: Cereal
   EquivalentTo: 
Class: Polished Rice 5 percents  # Generated from value "Polished Rice 5 percents" located at cell 'Cereals'!B15.
   SubClassOf: Cereal
   EquivalentTo: 
Class: Polished Rice 10 percents  # Generated from value "Polished Rice 10 percents" located at cell 'Cereals'!B16.
   SubClassOf: Cereal
   EquivalentTo: 
Class: Polished Rice 100 percents  # Generated from value "Polished Rice 100 percents" located at cell 'Cereals'!B17.
   SubClassOf: Cereal
   EquivalentTo: 
Class: Vit. B Coated Rice  # Generated from value "Vit. B Coated Rice" located at cell 'Cereals'!B18.
   SubClassOf: Cereal
   EquivalentTo: 
Class: Unpolished Rice  # Generated from value "Unpolished Rice" located at cell 'Cereals'!B19.
   SubClassOf: Cereal
   EquivalentTo: 
Class: Steamed Polished Rice  # Generated from value "Steamed Polished Rice" located at cell 'Cereals'!B20.
   SubClassOf: Cereal
   EquivalentTo: 
Class: Broken Rice  # Generated from value "Broken Rice" located at cell 'Cereals'!B21.
   SubClassOf: Cereal
   EquivalentTo: 
Class: Chumsang Polished Rice  # Generated from value "Chumsang Polished Rice" located at cell 'Cereals'!B22.
   SubClassOf: Cereal
   EquivalentTo: 
Class: Chainat 1 Polished Rice  # Generated from value "Chainat 1 Polished Rice" located at cell 'Cereals'!B23.
   SubClassOf: Cereal
   EquivalentTo: 
Class: Munpu Polished Rice  # Generated from value "Munpu Polished Rice" located at cell 'Cereals'!B24.
   SubClassOf: Cereal
   EquivalentTo: 
Class: Riceberry Polished Rice  # Generated from value "Riceberry Polished Rice" located at cell 'Cereals'!B25.
   SubClassOf: Cereal
   EquivalentTo: 
Class: Sangyod Polished Rice  # Generated from value "Sangyod Polished Rice" located at cell 'Cereals'!B26.
   SubClassOf: Cereal
   EquivalentTo: 
Class: Sauhai Polished Rice  # Generated from value "Sauhai Polished Rice" located at cell 'Cereals'!B27.
   SubClassOf: Cereal
   EquivalentTo: 
Class: Homnil Polished Rice  # Generated from value "Homnil Polished Rice" located at cell 'Cereals'!B28.
   SubClassOf: Cereal
   EquivalentTo: 
Class: Jasmine Polished Rice  # Generated from value "Jasmine Polished Rice" located at cell 'Cereals'!B29.
   SubClassOf: Cereal
   EquivalentTo: 
Class: Basmati Polished Rice  # Generated from value "Basmati Polished Rice" located at cell 'Cereals'!B30.
   SubClassOf: Cereal
   EquivalentTo: 
Class: Barley  # Generated from value "Barley" located at cell 'Cereals'!B31.
   SubClassOf: Cereal
   EquivalentTo: 
Class: Boiled Yellow Corn  # Generated from value "Boiled Yellow Corn" located at cell 'Cereals'!B32.
   SubClassOf: Cereal
   EquivalentTo: 
Class: Yellow Corn  # Generated from value "Yellow Corn" located at cell 'Cereals'!B33.
   SubClassOf: Cereal
   EquivalentTo: 
Class: Waxy Corn  # Generated from value "Waxy Corn" located at cell 'Cereals'!B34.
   SubClassOf: Cereal
   EquivalentTo: Sticky corn
Class: Sorghum  # Generated from value "Sorghum" located at cell 'Cereals'!B35.
   SubClassOf: Cereal
   EquivalentTo: 
Class: Wheat  # Generated from value "Wheat" located at cell 'Cereals'!B36.
   SubClassOf: Cereal
   EquivalentTo: 
Class: Dried Germ Wheat  # Generated from value "Dried Germ Wheat" located at cell 'Cereals'!B37.
   SubClassOf: Cereal
   EquivalentTo: 
Class: Wheat  # Generated from value "Wheat" located at cell 'Cereals'!B38.
   SubClassOf: Cereal
   EquivalentTo: Wheat bran
Class: Glutinous Rice  # Generated from value "Glutinous Rice" located at cell 'Cereals'!B39.
   SubClassOf: Cereal
   EquivalentTo: 
Class: Black Glutinous Rice  # Generated from value "Black Glutinous Rice" located at cell 'Cereals'!B40.
   SubClassOf: Cereal
   EquivalentTo: 
Class: Black Glutinous Rice  # Generated from value "Black Glutinous Rice" located at cell 'Cereals'!B41.
   SubClassOf: Cereal
   EquivalentTo: 
Class: Glutinous Steamed Rice  # Generated from value "Glutinous Steamed Rice" located at cell 'Cereals'!B42.
   SubClassOf: Cereal
   EquivalentTo: 
Class: Brown Glutinous Rice  # Generated from value "Brown Glutinous Rice" located at cell 'Cereals'!B43.
   SubClassOf: Cereal
   EquivalentTo: 
Class: Oats  # Generated from value "Oats" located at cell 'Cereals'!B44.
   SubClassOf: Cereal
   EquivalentTo: 
Class: Germinated Brown Rice Beverage  # Generated from value "Germinated Brown Rice Beverage" located at cell 'Cereals'!B45.
   SubClassOf: Cereal
   EquivalentTo: 
Class: Corn Milk  # Generated from value "Corn Milk" located at cell 'Cereals'!B46.
   SubClassOf: Cereal
   EquivalentTo: 
Class: Young Rice Milk  # Generated from value "Young Rice Milk" located at cell 'Cereals'!B47.
   SubClassOf: Cereal
   EquivalentTo: 
Class: Young Rice Milk Powder  # Generated from value "Young Rice Milk Powder" located at cell 'Cereals'!B48.
   SubClassOf: Cereal
   EquivalentTo: 
Class: Noodles Wheat  # Generated from value "Noodles Wheat" located at cell 'Cereals'!B49.
   SubClassOf: Cereal
   EquivalentTo: 
Class: Rice Flour  # Generated from value "Rice Flour" located at cell 'Cereals'!B50.
   SubClassOf: Cereal
   EquivalentTo: 
Class: Job's Tears Seeds  # Generated from value "Job's Tears Seeds" located at cell 'Cereals'!B51.
   SubClassOf: Cereal
   EquivalentTo: 
Class: Dried Noodles Rice Vermicelli  # Generated from value "Dried Noodles Rice Vermicelli" located at cell 'Cereals'!B52.
   SubClassOf: Cereal
   EquivalentTo: 

===========================================================================================================
Date: 2023-10-16 18:35:58
Ontology source: /C:/Users/Acer/Documents/GitHub/ThaiLocalIngredients/ThaiIngredients-v4.owl
Worksheet source: C:\Users\Acer\Documents\GitHub\ThaiLocalIngredients\Thai local ingredients.xlsx
Transformation rules: C:\Users\Acer\Documents\GitHub\ThaiLocalIngredients\rules\rules-v4-cereal.json

# Cell range: (Cereals!B2:G+) Comment: "Color"
# Class: @B*
# SubClassOf: hasColor some @D*, hasColor some @F*

Class: Small Dried Noodle Rice  # Generated from value "Small Dried Noodle Rice" located at cell 'Cereals'!B4.
   SubClassOf: (hasColor SOME White),
         (hasColor SOME Yellow)
Class: Small Fresh Noodle Rice  # Generated from value "Small Fresh Noodle Rice" located at cell 'Cereals'!B5.
   SubClassOf: (hasColor SOME White),
         (hasColor SOME Yellow)
Class: Big Fresh Noodle Rice  # Generated from value "Big Fresh Noodle Rice" located at cell 'Cereals'!B6.
   SubClassOf: (hasColor SOME White),
         (hasColor SOME Yellow)
Class: Cooked Noodle Rice  # Generated from value "Cooked Noodle Rice" located at cell 'Cereals'!B7.
   SubClassOf: (hasColor SOME White),
         
Class: Fermented Noodle Rice  # Generated from value "Fermented Noodle Rice" located at cell 'Cereals'!B8.
   SubClassOf: (hasColor SOME White),
         
Class: Bread  # Generated from value "Bread" located at cell 'Cereals'!B9.
   SubClassOf: (hasColor SOME Gold),
         (hasColor SOME Brown)
Class: Brown Germinated Rice  # Generated from value "Brown Germinated Rice" located at cell 'Cereals'!B10.
   SubClassOf: (hasColor SOME Brown),
         
Class: Hightland Brown Rice  # Generated from value "Hightland Brown Rice" located at cell 'Cereals'!B11.
   SubClassOf: (hasColor SOME Brown),
         
Class: Hightland Red Brown Rice  # Generated from value "Hightland Red Brown Rice" located at cell 'Cereals'!B12.
   SubClassOf: (hasColor SOME Brown),
         
Class: Homnil Brown Rice  # Generated from value "Homnil Brown Rice" located at cell 'Cereals'!B13.
   SubClassOf: (hasColor SOME Brown),
         
Class: Jasmine Brown Rice  # Generated from value "Jasmine Brown Rice" located at cell 'Cereals'!B14.
   SubClassOf: (hasColor SOME Brown),
         
Class: Polished Rice 5 percents  # Generated from value "Polished Rice 5 percents" located at cell 'Cereals'!B15.
   SubClassOf: (hasColor SOME White),
         
Class: Polished Rice 10 percents  # Generated from value "Polished Rice 10 percents" located at cell 'Cereals'!B16.
   SubClassOf: (hasColor SOME White),
         
Class: Polished Rice 100 percents  # Generated from value "Polished Rice 100 percents" located at cell 'Cereals'!B17.
   SubClassOf: (hasColor SOME White),
         
Class: Vit. B Coated Rice  # Generated from value "Vit. B Coated Rice" located at cell 'Cereals'!B18.
   SubClassOf: (hasColor SOME White),
         
Class: Unpolished Rice  # Generated from value "Unpolished Rice" located at cell 'Cereals'!B19.
   SubClassOf: (hasColor SOME White),
         
Class: Steamed Polished Rice  # Generated from value "Steamed Polished Rice" located at cell 'Cereals'!B20.
   SubClassOf: (hasColor SOME White),
         
Class: Broken Rice  # Generated from value "Broken Rice" located at cell 'Cereals'!B21.
   SubClassOf: (hasColor SOME White),
         
Class: Chumsang Polished Rice  # Generated from value "Chumsang Polished Rice" located at cell 'Cereals'!B22.
   SubClassOf: (hasColor SOME White),
         
Class: Chainat 1 Polished Rice  # Generated from value "Chainat 1 Polished Rice" located at cell 'Cereals'!B23.
   SubClassOf: (hasColor SOME White),
         
Class: Munpu Polished Rice  # Generated from value "Munpu Polished Rice" located at cell 'Cereals'!B24.
   SubClassOf: (hasColor SOME White),
         
Class: Riceberry Polished Rice  # Generated from value "Riceberry Polished Rice" located at cell 'Cereals'!B25.
   SubClassOf: (hasColor SOME White),
         
Class: Sangyod Polished Rice  # Generated from value "Sangyod Polished Rice" located at cell 'Cereals'!B26.
   SubClassOf: (hasColor SOME White),
         
Class: Sauhai Polished Rice  # Generated from value "Sauhai Polished Rice" located at cell 'Cereals'!B27.
   SubClassOf: (hasColor SOME White),
         
Class: Homnil Polished Rice  # Generated from value "Homnil Polished Rice" located at cell 'Cereals'!B28.
   SubClassOf: (hasColor SOME White),
         
Class: Jasmine Polished Rice  # Generated from value "Jasmine Polished Rice" located at cell 'Cereals'!B29.
   SubClassOf: (hasColor SOME White),
         
Class: Basmati Polished Rice  # Generated from value "Basmati Polished Rice" located at cell 'Cereals'!B30.
   SubClassOf: ,
         
Class: Barley  # Generated from value "Barley" located at cell 'Cereals'!B31.
   SubClassOf: ,
         
Class: Boiled Yellow Corn  # Generated from value "Boiled Yellow Corn" located at cell 'Cereals'!B32.
   SubClassOf: (hasColor SOME Yellow),
         
Class: Yellow Corn  # Generated from value "Yellow Corn" located at cell 'Cereals'!B33.
   SubClassOf: (hasColor SOME Yellow),
         
Class: Waxy Corn  # Generated from value "Waxy Corn" located at cell 'Cereals'!B34.
   SubClassOf: ,
         
Class: Sorghum  # Generated from value "Sorghum" located at cell 'Cereals'!B35.
   SubClassOf: (hasColor SOME Tan),
         (hasColor SOME Brown)
Class: Wheat  # Generated from value "Wheat" located at cell 'Cereals'!B36.
   SubClassOf: (hasColor SOME Brown),
         
Class: Dried Germ Wheat  # Generated from value "Dried Germ Wheat" located at cell 'Cereals'!B37.
   SubClassOf: (hasColor SOME Brown),
         
Class: Wheat  # Generated from value "Wheat" located at cell 'Cereals'!B38.
   SubClassOf: (hasColor SOME Brown),
         
Class: Glutinous Rice  # Generated from value "Glutinous Rice" located at cell 'Cereals'!B39.
   SubClassOf: (hasColor SOME White),
         
Class: Black Glutinous Rice  # Generated from value "Black Glutinous Rice" located at cell 'Cereals'!B40.
   SubClassOf: (hasColor SOME Black),
         
Class: Black Glutinous Rice  # Generated from value "Black Glutinous Rice" located at cell 'Cereals'!B41.
   SubClassOf: (hasColor SOME Purple),
         (hasColor SOME Black)
Class: Glutinous Steamed Rice  # Generated from value "Glutinous Steamed Rice" located at cell 'Cereals'!B42.
   SubClassOf: (hasColor SOME White),
         
Class: Brown Glutinous Rice  # Generated from value "Brown Glutinous Rice" located at cell 'Cereals'!B43.
   SubClassOf: (hasColor SOME Brown),
         
Class: Oats  # Generated from value "Oats" located at cell 'Cereals'!B44.
   SubClassOf: (hasColor SOME Beige),
         
Class: Germinated Brown Rice Beverage  # Generated from value "Germinated Brown Rice Beverage" located at cell 'Cereals'!B45.
   SubClassOf: (hasColor SOME Yellow),
         
Class: Corn Milk  # Generated from value "Corn Milk" located at cell 'Cereals'!B46.
   SubClassOf: (hasColor SOME Yellow),
         
Class: Young Rice Milk  # Generated from value "Young Rice Milk" located at cell 'Cereals'!B47.
   SubClassOf: (hasColor SOME White),
         
Class: Young Rice Milk Powder  # Generated from value "Young Rice Milk Powder" located at cell 'Cereals'!B48.
   SubClassOf: (hasColor SOME White),
         
Class: Noodles Wheat  # Generated from value "Noodles Wheat" located at cell 'Cereals'!B49.
   SubClassOf: (hasColor SOME Yellow),
         
Class: Rice Flour  # Generated from value "Rice Flour" located at cell 'Cereals'!B50.
   SubClassOf: (hasColor SOME White),
         
Class: Job's Tears Seeds  # Generated from value "Job's Tears Seeds" located at cell 'Cereals'!B51.
   SubClassOf: (hasColor SOME Brown),
         (hasColor SOME Yellow)
Class: Dried Noodles Rice Vermicelli  # Generated from value "Dried Noodles Rice Vermicelli" located at cell 'Cereals'!B52.
   SubClassOf: (hasColor SOME White),
         
Class: Small Dried Noodle Rice  # Generated from value "Small Dried Noodle Rice" located at cell 'Cereals'!B4.
   SubClassOf: (hasColor SOME White),
         (hasColor SOME Yellow)
Class: Small Fresh Noodle Rice  # Generated from value "Small Fresh Noodle Rice" located at cell 'Cereals'!B5.
   SubClassOf: (hasColor SOME White),
         (hasColor SOME Yellow)
Class: Big Fresh Noodle Rice  # Generated from value "Big Fresh Noodle Rice" located at cell 'Cereals'!B6.
   SubClassOf: (hasColor SOME White),
         (hasColor SOME Yellow)
Class: Cooked Noodle Rice  # Generated from value "Cooked Noodle Rice" located at cell 'Cereals'!B7.
   SubClassOf: (hasColor SOME White),
         
Class: Fermented Noodle Rice  # Generated from value "Fermented Noodle Rice" located at cell 'Cereals'!B8.
   SubClassOf: (hasColor SOME White),
         
Class: Bread  # Generated from value "Bread" located at cell 'Cereals'!B9.
   SubClassOf: (hasColor SOME Gold),
         (hasColor SOME Brown)
Class: Brown Germinated Rice  # Generated from value "Brown Germinated Rice" located at cell 'Cereals'!B10.
   SubClassOf: (hasColor SOME Brown),
         
Class: Hightland Brown Rice  # Generated from value "Hightland Brown Rice" located at cell 'Cereals'!B11.
   SubClassOf: (hasColor SOME Brown),
         
Class: Hightland Red Brown Rice  # Generated from value "Hightland Red Brown Rice" located at cell 'Cereals'!B12.
   SubClassOf: (hasColor SOME Brown),
         
Class: Homnil Brown Rice  # Generated from value "Homnil Brown Rice" located at cell 'Cereals'!B13.
   SubClassOf: (hasColor SOME Brown),
         
Class: Jasmine Brown Rice  # Generated from value "Jasmine Brown Rice" located at cell 'Cereals'!B14.
   SubClassOf: (hasColor SOME Brown),
         
Class: Polished Rice 5 percents  # Generated from value "Polished Rice 5 percents" located at cell 'Cereals'!B15.
   SubClassOf: (hasColor SOME White),
         
Class: Polished Rice 10 percents  # Generated from value "Polished Rice 10 percents" located at cell 'Cereals'!B16.
   SubClassOf: (hasColor SOME White),
         
Class: Polished Rice 100 percents  # Generated from value "Polished Rice 100 percents" located at cell 'Cereals'!B17.
   SubClassOf: (hasColor SOME White),
         
Class: Vit. B Coated Rice  # Generated from value "Vit. B Coated Rice" located at cell 'Cereals'!B18.
   SubClassOf: (hasColor SOME White),
         
Class: Unpolished Rice  # Generated from value "Unpolished Rice" located at cell 'Cereals'!B19.
   SubClassOf: (hasColor SOME White),
         
Class: Steamed Polished Rice  # Generated from value "Steamed Polished Rice" located at cell 'Cereals'!B20.
   SubClassOf: (hasColor SOME White),
         
Class: Broken Rice  # Generated from value "Broken Rice" located at cell 'Cereals'!B21.
   SubClassOf: (hasColor SOME White),
         
Class: Chumsang Polished Rice  # Generated from value "Chumsang Polished Rice" located at cell 'Cereals'!B22.
   SubClassOf: (hasColor SOME White),
         
Class: Chainat 1 Polished Rice  # Generated from value "Chainat 1 Polished Rice" located at cell 'Cereals'!B23.
   SubClassOf: (hasColor SOME White),
         
Class: Munpu Polished Rice  # Generated from value "Munpu Polished Rice" located at cell 'Cereals'!B24.
   SubClassOf: (hasColor SOME White),
         
Class: Riceberry Polished Rice  # Generated from value "Riceberry Polished Rice" located at cell 'Cereals'!B25.
   SubClassOf: (hasColor SOME White),
         
Class: Sangyod Polished Rice  # Generated from value "Sangyod Polished Rice" located at cell 'Cereals'!B26.
   SubClassOf: (hasColor SOME White),
         
Class: Sauhai Polished Rice  # Generated from value "Sauhai Polished Rice" located at cell 'Cereals'!B27.
   SubClassOf: (hasColor SOME White),
         
Class: Homnil Polished Rice  # Generated from value "Homnil Polished Rice" located at cell 'Cereals'!B28.
   SubClassOf: (hasColor SOME White),
         
Class: Jasmine Polished Rice  # Generated from value "Jasmine Polished Rice" located at cell 'Cereals'!B29.
   SubClassOf: (hasColor SOME White),
         
Class: Basmati Polished Rice  # Generated from value "Basmati Polished Rice" located at cell 'Cereals'!B30.
   SubClassOf: ,
         
Class: Barley  # Generated from value "Barley" located at cell 'Cereals'!B31.
   SubClassOf: ,
         
Class: Boiled Yellow Corn  # Generated from value "Boiled Yellow Corn" located at cell 'Cereals'!B32.
   SubClassOf: (hasColor SOME Yellow),
         
Class: Yellow Corn  # Generated from value "Yellow Corn" located at cell 'Cereals'!B33.
   SubClassOf: (hasColor SOME Yellow),
         
Class: Waxy Corn  # Generated from value "Waxy Corn" located at cell 'Cereals'!B34.
   SubClassOf: ,
         
Class: Sorghum  # Generated from value "Sorghum" located at cell 'Cereals'!B35.
   SubClassOf: (hasColor SOME Tan),
         (hasColor SOME Brown)
Class: Wheat  # Generated from value "Wheat" located at cell 'Cereals'!B36.
   SubClassOf: (hasColor SOME Brown),
         
Class: Dried Germ Wheat  # Generated from value "Dried Germ Wheat" located at cell 'Cereals'!B37.
   SubClassOf: (hasColor SOME Brown),
         
Class: Wheat  # Generated from value "Wheat" located at cell 'Cereals'!B38.
   SubClassOf: (hasColor SOME Brown),
         
Class: Glutinous Rice  # Generated from value "Glutinous Rice" located at cell 'Cereals'!B39.
   SubClassOf: (hasColor SOME White),
         
Class: Black Glutinous Rice  # Generated from value "Black Glutinous Rice" located at cell 'Cereals'!B40.
   SubClassOf: (hasColor SOME Black),
         
Class: Black Glutinous Rice  # Generated from value "Black Glutinous Rice" located at cell 'Cereals'!B41.
   SubClassOf: (hasColor SOME Purple),
         (hasColor SOME Black)
Class: Glutinous Steamed Rice  # Generated from value "Glutinous Steamed Rice" located at cell 'Cereals'!B42.
   SubClassOf: (hasColor SOME White),
         
Class: Brown Glutinous Rice  # Generated from value "Brown Glutinous Rice" located at cell 'Cereals'!B43.
   SubClassOf: (hasColor SOME Brown),
         
Class: Oats  # Generated from value "Oats" located at cell 'Cereals'!B44.
   SubClassOf: (hasColor SOME Beige),
         
Class: Germinated Brown Rice Beverage  # Generated from value "Germinated Brown Rice Beverage" located at cell 'Cereals'!B45.
   SubClassOf: (hasColor SOME Yellow),
         
Class: Corn Milk  # Generated from value "Corn Milk" located at cell 'Cereals'!B46.
   SubClassOf: (hasColor SOME Yellow),
         
Class: Young Rice Milk  # Generated from value "Young Rice Milk" located at cell 'Cereals'!B47.
   SubClassOf: (hasColor SOME White),
         
Class: Young Rice Milk Powder  # Generated from value "Young Rice Milk Powder" located at cell 'Cereals'!B48.
   SubClassOf: (hasColor SOME White),
         
Class: Noodles Wheat  # Generated from value "Noodles Wheat" located at cell 'Cereals'!B49.
   SubClassOf: (hasColor SOME Yellow),
         
Class: Rice Flour  # Generated from value "Rice Flour" located at cell 'Cereals'!B50.
   SubClassOf: (hasColor SOME White),
         
Class: Job's Tears Seeds  # Generated from value "Job's Tears Seeds" located at cell 'Cereals'!B51.
   SubClassOf: (hasColor SOME Brown),
         (hasColor SOME Yellow)
Class: Dried Noodles Rice Vermicelli  # Generated from value "Dried Noodles Rice Vermicelli" located at cell 'Cereals'!B52.
   SubClassOf: (hasColor SOME White),
         
Class: Small Dried Noodle Rice  # Generated from value "Small Dried Noodle Rice" located at cell 'Cereals'!B4.
   SubClassOf: (hasColor SOME White),
         (hasColor SOME Yellow)
Class: Small Fresh Noodle Rice  # Generated from value "Small Fresh Noodle Rice" located at cell 'Cereals'!B5.
   SubClassOf: (hasColor SOME White),
         (hasColor SOME Yellow)
Class: Big Fresh Noodle Rice  # Generated from value "Big Fresh Noodle Rice" located at cell 'Cereals'!B6.
   SubClassOf: (hasColor SOME White),
         (hasColor SOME Yellow)
Class: Cooked Noodle Rice  # Generated from value "Cooked Noodle Rice" located at cell 'Cereals'!B7.
   SubClassOf: (hasColor SOME White),
         
Class: Fermented Noodle Rice  # Generated from value "Fermented Noodle Rice" located at cell 'Cereals'!B8.
   SubClassOf: (hasColor SOME White),
         
Class: Bread  # Generated from value "Bread" located at cell 'Cereals'!B9.
   SubClassOf: (hasColor SOME Gold),
         (hasColor SOME Brown)
Class: Brown Germinated Rice  # Generated from value "Brown Germinated Rice" located at cell 'Cereals'!B10.
   SubClassOf: (hasColor SOME Brown),
         
Class: Hightland Brown Rice  # Generated from value "Hightland Brown Rice" located at cell 'Cereals'!B11.
   SubClassOf: (hasColor SOME Brown),
         
Class: Hightland Red Brown Rice  # Generated from value "Hightland Red Brown Rice" located at cell 'Cereals'!B12.
   SubClassOf: (hasColor SOME Brown),
         
Class: Homnil Brown Rice  # Generated from value "Homnil Brown Rice" located at cell 'Cereals'!B13.
   SubClassOf: (hasColor SOME Brown),
         
Class: Jasmine Brown Rice  # Generated from value "Jasmine Brown Rice" located at cell 'Cereals'!B14.
   SubClassOf: (hasColor SOME Brown),
         
Class: Polished Rice 5 percents  # Generated from value "Polished Rice 5 percents" located at cell 'Cereals'!B15.
   SubClassOf: (hasColor SOME White),
         
Class: Polished Rice 10 percents  # Generated from value "Polished Rice 10 percents" located at cell 'Cereals'!B16.
   SubClassOf: (hasColor SOME White),
         
Class: Polished Rice 100 percents  # Generated from value "Polished Rice 100 percents" located at cell 'Cereals'!B17.
   SubClassOf: (hasColor SOME White),
         
Class: Vit. B Coated Rice  # Generated from value "Vit. B Coated Rice" located at cell 'Cereals'!B18.
   SubClassOf: (hasColor SOME White),
         
Class: Unpolished Rice  # Generated from value "Unpolished Rice" located at cell 'Cereals'!B19.
   SubClassOf: (hasColor SOME White),
         
Class: Steamed Polished Rice  # Generated from value "Steamed Polished Rice" located at cell 'Cereals'!B20.
   SubClassOf: (hasColor SOME White),
         
Class: Broken Rice  # Generated from value "Broken Rice" located at cell 'Cereals'!B21.
   SubClassOf: (hasColor SOME White),
         
Class: Chumsang Polished Rice  # Generated from value "Chumsang Polished Rice" located at cell 'Cereals'!B22.
   SubClassOf: (hasColor SOME White),
         
Class: Chainat 1 Polished Rice  # Generated from value "Chainat 1 Polished Rice" located at cell 'Cereals'!B23.
   SubClassOf: (hasColor SOME White),
         
Class: Munpu Polished Rice  # Generated from value "Munpu Polished Rice" located at cell 'Cereals'!B24.
   SubClassOf: (hasColor SOME White),
         
Class: Riceberry Polished Rice  # Generated from value "Riceberry Polished Rice" located at cell 'Cereals'!B25.
   SubClassOf: (hasColor SOME White),
         
Class: Sangyod Polished Rice  # Generated from value "Sangyod Polished Rice" located at cell 'Cereals'!B26.
   SubClassOf: (hasColor SOME White),
         
Class: Sauhai Polished Rice  # Generated from value "Sauhai Polished Rice" located at cell 'Cereals'!B27.
   SubClassOf: (hasColor SOME White),
         
Class: Homnil Polished Rice  # Generated from value "Homnil Polished Rice" located at cell 'Cereals'!B28.
   SubClassOf: (hasColor SOME White),
         
Class: Jasmine Polished Rice  # Generated from value "Jasmine Polished Rice" located at cell 'Cereals'!B29.
   SubClassOf: (hasColor SOME White),
         
Class: Basmati Polished Rice  # Generated from value "Basmati Polished Rice" located at cell 'Cereals'!B30.
   SubClassOf: ,
         
Class: Barley  # Generated from value "Barley" located at cell 'Cereals'!B31.
   SubClassOf: ,
         
Class: Boiled Yellow Corn  # Generated from value "Boiled Yellow Corn" located at cell 'Cereals'!B32.
   SubClassOf: (hasColor SOME Yellow),
         
Class: Yellow Corn  # Generated from value "Yellow Corn" located at cell 'Cereals'!B33.
   SubClassOf: (hasColor SOME Yellow),
         
Class: Waxy Corn  # Generated from value "Waxy Corn" located at cell 'Cereals'!B34.
   SubClassOf: ,
         
Class: Sorghum  # Generated from value "Sorghum" located at cell 'Cereals'!B35.
   SubClassOf: (hasColor SOME Tan),
         (hasColor SOME Brown)
Class: Wheat  # Generated from value "Wheat" located at cell 'Cereals'!B36.
   SubClassOf: (hasColor SOME Brown),
         
Class: Dried Germ Wheat  # Generated from value "Dried Germ Wheat" located at cell 'Cereals'!B37.
   SubClassOf: (hasColor SOME Brown),
         
Class: Wheat  # Generated from value "Wheat" located at cell 'Cereals'!B38.
   SubClassOf: (hasColor SOME Brown),
         
Class: Glutinous Rice  # Generated from value "Glutinous Rice" located at cell 'Cereals'!B39.
   SubClassOf: (hasColor SOME White),
         
Class: Black Glutinous Rice  # Generated from value "Black Glutinous Rice" located at cell 'Cereals'!B40.
   SubClassOf: (hasColor SOME Black),
         
Class: Black Glutinous Rice  # Generated from value "Black Glutinous Rice" located at cell 'Cereals'!B41.
   SubClassOf: (hasColor SOME Purple),
         (hasColor SOME Black)
Class: Glutinous Steamed Rice  # Generated from value "Glutinous Steamed Rice" located at cell 'Cereals'!B42.
   SubClassOf: (hasColor SOME White),
         
Class: Brown Glutinous Rice  # Generated from value "Brown Glutinous Rice" located at cell 'Cereals'!B43.
   SubClassOf: (hasColor SOME Brown),
         
Class: Oats  # Generated from value "Oats" located at cell 'Cereals'!B44.
   SubClassOf: (hasColor SOME Beige),
         
Class: Germinated Brown Rice Beverage  # Generated from value "Germinated Brown Rice Beverage" located at cell 'Cereals'!B45.
   SubClassOf: (hasColor SOME Yellow),
         
Class: Corn Milk  # Generated from value "Corn Milk" located at cell 'Cereals'!B46.
   SubClassOf: (hasColor SOME Yellow),
         
Class: Young Rice Milk  # Generated from value "Young Rice Milk" located at cell 'Cereals'!B47.
   SubClassOf: (hasColor SOME White),
         
Class: Young Rice Milk Powder  # Generated from value "Young Rice Milk Powder" located at cell 'Cereals'!B48.
   SubClassOf: (hasColor SOME White),
         
Class: Noodles Wheat  # Generated from value "Noodles Wheat" located at cell 'Cereals'!B49.
   SubClassOf: (hasColor SOME Yellow),
         
Class: Rice Flour  # Generated from value "Rice Flour" located at cell 'Cereals'!B50.
   SubClassOf: (hasColor SOME White),
         
Class: Job's Tears Seeds  # Generated from value "Job's Tears Seeds" located at cell 'Cereals'!B51.
   SubClassOf: (hasColor SOME Brown),
         (hasColor SOME Yellow)
Class: Dried Noodles Rice Vermicelli  # Generated from value "Dried Noodles Rice Vermicelli" located at cell 'Cereals'!B52.
   SubClassOf: (hasColor SOME White),
         
Class: Small Dried Noodle Rice  # Generated from value "Small Dried Noodle Rice" located at cell 'Cereals'!B4.
   SubClassOf: (hasColor SOME White),
         (hasColor SOME Yellow)
Class: Small Fresh Noodle Rice  # Generated from value "Small Fresh Noodle Rice" located at cell 'Cereals'!B5.
   SubClassOf: (hasColor SOME White),
         (hasColor SOME Yellow)
Class: Big Fresh Noodle Rice  # Generated from value "Big Fresh Noodle Rice" located at cell 'Cereals'!B6.
   SubClassOf: (hasColor SOME White),
         (hasColor SOME Yellow)
Class: Cooked Noodle Rice  # Generated from value "Cooked Noodle Rice" located at cell 'Cereals'!B7.
   SubClassOf: (hasColor SOME White),
         
Class: Fermented Noodle Rice  # Generated from value "Fermented Noodle Rice" located at cell 'Cereals'!B8.
   SubClassOf: (hasColor SOME White),
         
Class: Bread  # Generated from value "Bread" located at cell 'Cereals'!B9.
   SubClassOf: (hasColor SOME Gold),
         (hasColor SOME Brown)
Class: Brown Germinated Rice  # Generated from value "Brown Germinated Rice" located at cell 'Cereals'!B10.
   SubClassOf: (hasColor SOME Brown),
         
Class: Hightland Brown Rice  # Generated from value "Hightland Brown Rice" located at cell 'Cereals'!B11.
   SubClassOf: (hasColor SOME Brown),
         
Class: Hightland Red Brown Rice  # Generated from value "Hightland Red Brown Rice" located at cell 'Cereals'!B12.
   SubClassOf: (hasColor SOME Brown),
         
Class: Homnil Brown Rice  # Generated from value "Homnil Brown Rice" located at cell 'Cereals'!B13.
   SubClassOf: (hasColor SOME Brown),
         
Class: Jasmine Brown Rice  # Generated from value "Jasmine Brown Rice" located at cell 'Cereals'!B14.
   SubClassOf: (hasColor SOME Brown),
         
Class: Polished Rice 5 percents  # Generated from value "Polished Rice 5 percents" located at cell 'Cereals'!B15.
   SubClassOf: (hasColor SOME White),
         
Class: Polished Rice 10 percents  # Generated from value "Polished Rice 10 percents" located at cell 'Cereals'!B16.
   SubClassOf: (hasColor SOME White),
         
Class: Polished Rice 100 percents  # Generated from value "Polished Rice 100 percents" located at cell 'Cereals'!B17.
   SubClassOf: (hasColor SOME White),
         
Class: Vit. B Coated Rice  # Generated from value "Vit. B Coated Rice" located at cell 'Cereals'!B18.
   SubClassOf: (hasColor SOME White),
         
Class: Unpolished Rice  # Generated from value "Unpolished Rice" located at cell 'Cereals'!B19.
   SubClassOf: (hasColor SOME White),
         
Class: Steamed Polished Rice  # Generated from value "Steamed Polished Rice" located at cell 'Cereals'!B20.
   SubClassOf: (hasColor SOME White),
         
Class: Broken Rice  # Generated from value "Broken Rice" located at cell 'Cereals'!B21.
   SubClassOf: (hasColor SOME White),
         
Class: Chumsang Polished Rice  # Generated from value "Chumsang Polished Rice" located at cell 'Cereals'!B22.
   SubClassOf: (hasColor SOME White),
         
Class: Chainat 1 Polished Rice  # Generated from value "Chainat 1 Polished Rice" located at cell 'Cereals'!B23.
   SubClassOf: (hasColor SOME White),
         
Class: Munpu Polished Rice  # Generated from value "Munpu Polished Rice" located at cell 'Cereals'!B24.
   SubClassOf: (hasColor SOME White),
         
Class: Riceberry Polished Rice  # Generated from value "Riceberry Polished Rice" located at cell 'Cereals'!B25.
   SubClassOf: (hasColor SOME White),
         
Class: Sangyod Polished Rice  # Generated from value "Sangyod Polished Rice" located at cell 'Cereals'!B26.
   SubClassOf: (hasColor SOME White),
         
Class: Sauhai Polished Rice  # Generated from value "Sauhai Polished Rice" located at cell 'Cereals'!B27.
   SubClassOf: (hasColor SOME White),
         
Class: Homnil Polished Rice  # Generated from value "Homnil Polished Rice" located at cell 'Cereals'!B28.
   SubClassOf: (hasColor SOME White),
         
Class: Jasmine Polished Rice  # Generated from value "Jasmine Polished Rice" located at cell 'Cereals'!B29.
   SubClassOf: (hasColor SOME White),
         
Class: Basmati Polished Rice  # Generated from value "Basmati Polished Rice" located at cell 'Cereals'!B30.
   SubClassOf: ,
         
Class: Barley  # Generated from value "Barley" located at cell 'Cereals'!B31.
   SubClassOf: ,
         
Class: Boiled Yellow Corn  # Generated from value "Boiled Yellow Corn" located at cell 'Cereals'!B32.
   SubClassOf: (hasColor SOME Yellow),
         
Class: Yellow Corn  # Generated from value "Yellow Corn" located at cell 'Cereals'!B33.
   SubClassOf: (hasColor SOME Yellow),
         
Class: Waxy Corn  # Generated from value "Waxy Corn" located at cell 'Cereals'!B34.
   SubClassOf: ,
         
Class: Sorghum  # Generated from value "Sorghum" located at cell 'Cereals'!B35.
   SubClassOf: (hasColor SOME Tan),
         (hasColor SOME Brown)
Class: Wheat  # Generated from value "Wheat" located at cell 'Cereals'!B36.
   SubClassOf: (hasColor SOME Brown),
         
Class: Dried Germ Wheat  # Generated from value "Dried Germ Wheat" located at cell 'Cereals'!B37.
   SubClassOf: (hasColor SOME Brown),
         
Class: Wheat  # Generated from value "Wheat" located at cell 'Cereals'!B38.
   SubClassOf: (hasColor SOME Brown),
         
Class: Glutinous Rice  # Generated from value "Glutinous Rice" located at cell 'Cereals'!B39.
   SubClassOf: (hasColor SOME White),
         
Class: Black Glutinous Rice  # Generated from value "Black Glutinous Rice" located at cell 'Cereals'!B40.
   SubClassOf: (hasColor SOME Black),
         
Class: Black Glutinous Rice  # Generated from value "Black Glutinous Rice" located at cell 'Cereals'!B41.
   SubClassOf: (hasColor SOME Purple),
         (hasColor SOME Black)
Class: Glutinous Steamed Rice  # Generated from value "Glutinous Steamed Rice" located at cell 'Cereals'!B42.
   SubClassOf: (hasColor SOME White),
         
Class: Brown Glutinous Rice  # Generated from value "Brown Glutinous Rice" located at cell 'Cereals'!B43.
   SubClassOf: (hasColor SOME Brown),
         
Class: Oats  # Generated from value "Oats" located at cell 'Cereals'!B44.
   SubClassOf: (hasColor SOME Beige),
         
Class: Germinated Brown Rice Beverage  # Generated from value "Germinated Brown Rice Beverage" located at cell 'Cereals'!B45.
   SubClassOf: (hasColor SOME Yellow),
         
Class: Corn Milk  # Generated from value "Corn Milk" located at cell 'Cereals'!B46.
   SubClassOf: (hasColor SOME Yellow),
         
Class: Young Rice Milk  # Generated from value "Young Rice Milk" located at cell 'Cereals'!B47.
   SubClassOf: (hasColor SOME White),
         
Class: Young Rice Milk Powder  # Generated from value "Young Rice Milk Powder" located at cell 'Cereals'!B48.
   SubClassOf: (hasColor SOME White),
         
Class: Noodles Wheat  # Generated from value "Noodles Wheat" located at cell 'Cereals'!B49.
   SubClassOf: (hasColor SOME Yellow),
         
Class: Rice Flour  # Generated from value "Rice Flour" located at cell 'Cereals'!B50.
   SubClassOf: (hasColor SOME White),
         
Class: Job's Tears Seeds  # Generated from value "Job's Tears Seeds" located at cell 'Cereals'!B51.
   SubClassOf: (hasColor SOME Brown),
         (hasColor SOME Yellow)
Class: Dried Noodles Rice Vermicelli  # Generated from value "Dried Noodles Rice Vermicelli" located at cell 'Cereals'!B52.
   SubClassOf: (hasColor SOME White),
         
Class: Small Dried Noodle Rice  # Generated from value "Small Dried Noodle Rice" located at cell 'Cereals'!B4.
   SubClassOf: (hasColor SOME White),
         (hasColor SOME Yellow)
Class: Small Fresh Noodle Rice  # Generated from value "Small Fresh Noodle Rice" located at cell 'Cereals'!B5.
   SubClassOf: (hasColor SOME White),
         (hasColor SOME Yellow)
Class: Big Fresh Noodle Rice  # Generated from value "Big Fresh Noodle Rice" located at cell 'Cereals'!B6.
   SubClassOf: (hasColor SOME White),
         (hasColor SOME Yellow)
Class: Cooked Noodle Rice  # Generated from value "Cooked Noodle Rice" located at cell 'Cereals'!B7.
   SubClassOf: (hasColor SOME White),
         
Class: Fermented Noodle Rice  # Generated from value "Fermented Noodle Rice" located at cell 'Cereals'!B8.
   SubClassOf: (hasColor SOME White),
         
Class: Bread  # Generated from value "Bread" located at cell 'Cereals'!B9.
   SubClassOf: (hasColor SOME Gold),
         (hasColor SOME Brown)
Class: Brown Germinated Rice  # Generated from value "Brown Germinated Rice" located at cell 'Cereals'!B10.
   SubClassOf: (hasColor SOME Brown),
         
Class: Hightland Brown Rice  # Generated from value "Hightland Brown Rice" located at cell 'Cereals'!B11.
   SubClassOf: (hasColor SOME Brown),
         
Class: Hightland Red Brown Rice  # Generated from value "Hightland Red Brown Rice" located at cell 'Cereals'!B12.
   SubClassOf: (hasColor SOME Brown),
         
Class: Homnil Brown Rice  # Generated from value "Homnil Brown Rice" located at cell 'Cereals'!B13.
   SubClassOf: (hasColor SOME Brown),
         
Class: Jasmine Brown Rice  # Generated from value "Jasmine Brown Rice" located at cell 'Cereals'!B14.
   SubClassOf: (hasColor SOME Brown),
         
Class: Polished Rice 5 percents  # Generated from value "Polished Rice 5 percents" located at cell 'Cereals'!B15.
   SubClassOf: (hasColor SOME White),
         
Class: Polished Rice 10 percents  # Generated from value "Polished Rice 10 percents" located at cell 'Cereals'!B16.
   SubClassOf: (hasColor SOME White),
         
Class: Polished Rice 100 percents  # Generated from value "Polished Rice 100 percents" located at cell 'Cereals'!B17.
   SubClassOf: (hasColor SOME White),
         
Class: Vit. B Coated Rice  # Generated from value "Vit. B Coated Rice" located at cell 'Cereals'!B18.
   SubClassOf: (hasColor SOME White),
         
Class: Unpolished Rice  # Generated from value "Unpolished Rice" located at cell 'Cereals'!B19.
   SubClassOf: (hasColor SOME White),
         
Class: Steamed Polished Rice  # Generated from value "Steamed Polished Rice" located at cell 'Cereals'!B20.
   SubClassOf: (hasColor SOME White),
         
Class: Broken Rice  # Generated from value "Broken Rice" located at cell 'Cereals'!B21.
   SubClassOf: (hasColor SOME White),
         
Class: Chumsang Polished Rice  # Generated from value "Chumsang Polished Rice" located at cell 'Cereals'!B22.
   SubClassOf: (hasColor SOME White),
         
Class: Chainat 1 Polished Rice  # Generated from value "Chainat 1 Polished Rice" located at cell 'Cereals'!B23.
   SubClassOf: (hasColor SOME White),
         
Class: Munpu Polished Rice  # Generated from value "Munpu Polished Rice" located at cell 'Cereals'!B24.
   SubClassOf: (hasColor SOME White),
         
Class: Riceberry Polished Rice  # Generated from value "Riceberry Polished Rice" located at cell 'Cereals'!B25.
   SubClassOf: (hasColor SOME White),
         
Class: Sangyod Polished Rice  # Generated from value "Sangyod Polished Rice" located at cell 'Cereals'!B26.
   SubClassOf: (hasColor SOME White),
         
Class: Sauhai Polished Rice  # Generated from value "Sauhai Polished Rice" located at cell 'Cereals'!B27.
   SubClassOf: (hasColor SOME White),
         
Class: Homnil Polished Rice  # Generated from value "Homnil Polished Rice" located at cell 'Cereals'!B28.
   SubClassOf: (hasColor SOME White),
         
Class: Jasmine Polished Rice  # Generated from value "Jasmine Polished Rice" located at cell 'Cereals'!B29.
   SubClassOf: (hasColor SOME White),
         
Class: Basmati Polished Rice  # Generated from value "Basmati Polished Rice" located at cell 'Cereals'!B30.
   SubClassOf: ,
         
Class: Barley  # Generated from value "Barley" located at cell 'Cereals'!B31.
   SubClassOf: ,
         
Class: Boiled Yellow Corn  # Generated from value "Boiled Yellow Corn" located at cell 'Cereals'!B32.
   SubClassOf: (hasColor SOME Yellow),
         
Class: Yellow Corn  # Generated from value "Yellow Corn" located at cell 'Cereals'!B33.
   SubClassOf: (hasColor SOME Yellow),
         
Class: Waxy Corn  # Generated from value "Waxy Corn" located at cell 'Cereals'!B34.
   SubClassOf: ,
         
Class: Sorghum  # Generated from value "Sorghum" located at cell 'Cereals'!B35.
   SubClassOf: (hasColor SOME Tan),
         (hasColor SOME Brown)
Class: Wheat  # Generated from value "Wheat" located at cell 'Cereals'!B36.
   SubClassOf: (hasColor SOME Brown),
         
Class: Dried Germ Wheat  # Generated from value "Dried Germ Wheat" located at cell 'Cereals'!B37.
   SubClassOf: (hasColor SOME Brown),
         
Class: Wheat  # Generated from value "Wheat" located at cell 'Cereals'!B38.
   SubClassOf: (hasColor SOME Brown),
         
Class: Glutinous Rice  # Generated from value "Glutinous Rice" located at cell 'Cereals'!B39.
   SubClassOf: (hasColor SOME White),
         
Class: Black Glutinous Rice  # Generated from value "Black Glutinous Rice" located at cell 'Cereals'!B40.
   SubClassOf: (hasColor SOME Black),
         
Class: Black Glutinous Rice  # Generated from value "Black Glutinous Rice" located at cell 'Cereals'!B41.
   SubClassOf: (hasColor SOME Purple),
         (hasColor SOME Black)
Class: Glutinous Steamed Rice  # Generated from value "Glutinous Steamed Rice" located at cell 'Cereals'!B42.
   SubClassOf: (hasColor SOME White),
         
Class: Brown Glutinous Rice  # Generated from value "Brown Glutinous Rice" located at cell 'Cereals'!B43.
   SubClassOf: (hasColor SOME Brown),
         
Class: Oats  # Generated from value "Oats" located at cell 'Cereals'!B44.
   SubClassOf: (hasColor SOME Beige),
         
Class: Germinated Brown Rice Beverage  # Generated from value "Germinated Brown Rice Beverage" located at cell 'Cereals'!B45.
   SubClassOf: (hasColor SOME Yellow),
         
Class: Corn Milk  # Generated from value "Corn Milk" located at cell 'Cereals'!B46.
   SubClassOf: (hasColor SOME Yellow),
         
Class: Young Rice Milk  # Generated from value "Young Rice Milk" located at cell 'Cereals'!B47.
   SubClassOf: (hasColor SOME White),
         
Class: Young Rice Milk Powder  # Generated from value "Young Rice Milk Powder" located at cell 'Cereals'!B48.
   SubClassOf: (hasColor SOME White),
         
Class: Noodles Wheat  # Generated from value "Noodles Wheat" located at cell 'Cereals'!B49.
   SubClassOf: (hasColor SOME Yellow),
         
Class: Rice Flour  # Generated from value "Rice Flour" located at cell 'Cereals'!B50.
   SubClassOf: (hasColor SOME White),
         
Class: Job's Tears Seeds  # Generated from value "Job's Tears Seeds" located at cell 'Cereals'!B51.
   SubClassOf: (hasColor SOME Brown),
         (hasColor SOME Yellow)
Class: Dried Noodles Rice Vermicelli  # Generated from value "Dried Noodles Rice Vermicelli" located at cell 'Cereals'!B52.
   SubClassOf: (hasColor SOME White),
         
Class: Small Dried Noodle Rice  # Generated from value "Small Dried Noodle Rice" located at cell 'Cereals'!B4.
   SubClassOf: (hasColor SOME White),
         (hasColor SOME Yellow)
Class: Small Fresh Noodle Rice  # Generated from value "Small Fresh Noodle Rice" located at cell 'Cereals'!B5.
   SubClassOf: (hasColor SOME White),
         (hasColor SOME Yellow)
Class: Big Fresh Noodle Rice  # Generated from value "Big Fresh Noodle Rice" located at cell 'Cereals'!B6.
   SubClassOf: (hasColor SOME White),
         (hasColor SOME Yellow)
Class: Cooked Noodle Rice  # Generated from value "Cooked Noodle Rice" located at cell 'Cereals'!B7.
   SubClassOf: (hasColor SOME White),
         
Class: Fermented Noodle Rice  # Generated from value "Fermented Noodle Rice" located at cell 'Cereals'!B8.
   SubClassOf: (hasColor SOME White),
         
Class: Bread  # Generated from value "Bread" located at cell 'Cereals'!B9.
   SubClassOf: (hasColor SOME Gold),
         (hasColor SOME Brown)
Class: Brown Germinated Rice  # Generated from value "Brown Germinated Rice" located at cell 'Cereals'!B10.
   SubClassOf: (hasColor SOME Brown),
         
Class: Hightland Brown Rice  # Generated from value "Hightland Brown Rice" located at cell 'Cereals'!B11.
   SubClassOf: (hasColor SOME Brown),
         
Class: Hightland Red Brown Rice  # Generated from value "Hightland Red Brown Rice" located at cell 'Cereals'!B12.
   SubClassOf: (hasColor SOME Brown),
         
Class: Homnil Brown Rice  # Generated from value "Homnil Brown Rice" located at cell 'Cereals'!B13.
   SubClassOf: (hasColor SOME Brown),
         
Class: Jasmine Brown Rice  # Generated from value "Jasmine Brown Rice" located at cell 'Cereals'!B14.
   SubClassOf: (hasColor SOME Brown),
         
Class: Polished Rice 5 percents  # Generated from value "Polished Rice 5 percents" located at cell 'Cereals'!B15.
   SubClassOf: (hasColor SOME White),
         
Class: Polished Rice 10 percents  # Generated from value "Polished Rice 10 percents" located at cell 'Cereals'!B16.
   SubClassOf: (hasColor SOME White),
         
Class: Polished Rice 100 percents  # Generated from value "Polished Rice 100 percents" located at cell 'Cereals'!B17.
   SubClassOf: (hasColor SOME White),
         
Class: Vit. B Coated Rice  # Generated from value "Vit. B Coated Rice" located at cell 'Cereals'!B18.
   SubClassOf: (hasColor SOME White),
         
Class: Unpolished Rice  # Generated from value "Unpolished Rice" located at cell 'Cereals'!B19.
   SubClassOf: (hasColor SOME White),
         
Class: Steamed Polished Rice  # Generated from value "Steamed Polished Rice" located at cell 'Cereals'!B20.
   SubClassOf: (hasColor SOME White),
         
Class: Broken Rice  # Generated from value "Broken Rice" located at cell 'Cereals'!B21.
   SubClassOf: (hasColor SOME White),
         
Class: Chumsang Polished Rice  # Generated from value "Chumsang Polished Rice" located at cell 'Cereals'!B22.
   SubClassOf: (hasColor SOME White),
         
Class: Chainat 1 Polished Rice  # Generated from value "Chainat 1 Polished Rice" located at cell 'Cereals'!B23.
   SubClassOf: (hasColor SOME White),
         
Class: Munpu Polished Rice  # Generated from value "Munpu Polished Rice" located at cell 'Cereals'!B24.
   SubClassOf: (hasColor SOME White),
         
Class: Riceberry Polished Rice  # Generated from value "Riceberry Polished Rice" located at cell 'Cereals'!B25.
   SubClassOf: (hasColor SOME White),
         
Class: Sangyod Polished Rice  # Generated from value "Sangyod Polished Rice" located at cell 'Cereals'!B26.
   SubClassOf: (hasColor SOME White),
         
Class: Sauhai Polished Rice  # Generated from value "Sauhai Polished Rice" located at cell 'Cereals'!B27.
   SubClassOf: (hasColor SOME White),
         
Class: Homnil Polished Rice  # Generated from value "Homnil Polished Rice" located at cell 'Cereals'!B28.
   SubClassOf: (hasColor SOME White),
         
Class: Jasmine Polished Rice  # Generated from value "Jasmine Polished Rice" located at cell 'Cereals'!B29.
   SubClassOf: (hasColor SOME White),
         
Class: Basmati Polished Rice  # Generated from value "Basmati Polished Rice" located at cell 'Cereals'!B30.
   SubClassOf: ,
         
Class: Barley  # Generated from value "Barley" located at cell 'Cereals'!B31.
   SubClassOf: ,
         
Class: Boiled Yellow Corn  # Generated from value "Boiled Yellow Corn" located at cell 'Cereals'!B32.
   SubClassOf: (hasColor SOME Yellow),
         
Class: Yellow Corn  # Generated from value "Yellow Corn" located at cell 'Cereals'!B33.
   SubClassOf: (hasColor SOME Yellow),
         
Class: Waxy Corn  # Generated from value "Waxy Corn" located at cell 'Cereals'!B34.
   SubClassOf: ,
         
Class: Sorghum  # Generated from value "Sorghum" located at cell 'Cereals'!B35.
   SubClassOf: (hasColor SOME Tan),
         (hasColor SOME Brown)
Class: Wheat  # Generated from value "Wheat" located at cell 'Cereals'!B36.
   SubClassOf: (hasColor SOME Brown),
         
Class: Dried Germ Wheat  # Generated from value "Dried Germ Wheat" located at cell 'Cereals'!B37.
   SubClassOf: (hasColor SOME Brown),
         
Class: Wheat  # Generated from value "Wheat" located at cell 'Cereals'!B38.
   SubClassOf: (hasColor SOME Brown),
         
Class: Glutinous Rice  # Generated from value "Glutinous Rice" located at cell 'Cereals'!B39.
   SubClassOf: (hasColor SOME White),
         
Class: Black Glutinous Rice  # Generated from value "Black Glutinous Rice" located at cell 'Cereals'!B40.
   SubClassOf: (hasColor SOME Black),
         
Class: Black Glutinous Rice  # Generated from value "Black Glutinous Rice" located at cell 'Cereals'!B41.
   SubClassOf: (hasColor SOME Purple),
         (hasColor SOME Black)
Class: Glutinous Steamed Rice  # Generated from value "Glutinous Steamed Rice" located at cell 'Cereals'!B42.
   SubClassOf: (hasColor SOME White),
         
Class: Brown Glutinous Rice  # Generated from value "Brown Glutinous Rice" located at cell 'Cereals'!B43.
   SubClassOf: (hasColor SOME Brown),
         
Class: Oats  # Generated from value "Oats" located at cell 'Cereals'!B44.
   SubClassOf: (hasColor SOME Beige),
         
Class: Germinated Brown Rice Beverage  # Generated from value "Germinated Brown Rice Beverage" located at cell 'Cereals'!B45.
   SubClassOf: (hasColor SOME Yellow),
         
Class: Corn Milk  # Generated from value "Corn Milk" located at cell 'Cereals'!B46.
   SubClassOf: (hasColor SOME Yellow),
         
Class: Young Rice Milk  # Generated from value "Young Rice Milk" located at cell 'Cereals'!B47.
   SubClassOf: (hasColor SOME White),
         
Class: Young Rice Milk Powder  # Generated from value "Young Rice Milk Powder" located at cell 'Cereals'!B48.
   SubClassOf: (hasColor SOME White),
         
Class: Noodles Wheat  # Generated from value "Noodles Wheat" located at cell 'Cereals'!B49.
   SubClassOf: (hasColor SOME Yellow),
         
Class: Rice Flour  # Generated from value "Rice Flour" located at cell 'Cereals'!B50.
   SubClassOf: (hasColor SOME White),
         
Class: Job's Tears Seeds  # Generated from value "Job's Tears Seeds" located at cell 'Cereals'!B51.
   SubClassOf: (hasColor SOME Brown),
         (hasColor SOME Yellow)
Class: Dried Noodles Rice Vermicelli  # Generated from value "Dried Noodles Rice Vermicelli" located at cell 'Cereals'!B52.
   SubClassOf: (hasColor SOME White),
         

# Cell range: (Cereals!B2:C53) Comment: "English Name"
# Class: @B*
# EquivalentTo: @C*
# SubClassOf: Cereal

Class: Small Dried Noodle Rice  # Generated from value "Small Dried Noodle Rice" located at cell 'Cereals'!B4.
   SubClassOf: Cereal
   EquivalentTo: 
Class: Small Fresh Noodle Rice  # Generated from value "Small Fresh Noodle Rice" located at cell 'Cereals'!B5.
   SubClassOf: Cereal
   EquivalentTo: 
Class: Big Fresh Noodle Rice  # Generated from value "Big Fresh Noodle Rice" located at cell 'Cereals'!B6.
   SubClassOf: Cereal
   EquivalentTo: 
Class: Cooked Noodle Rice  # Generated from value "Cooked Noodle Rice" located at cell 'Cereals'!B7.
   SubClassOf: Cereal
   EquivalentTo: 
Class: Fermented Noodle Rice  # Generated from value "Fermented Noodle Rice" located at cell 'Cereals'!B8.
   SubClassOf: Cereal
   EquivalentTo: 
Class: Bread  # Generated from value "Bread" located at cell 'Cereals'!B9.
   SubClassOf: Cereal
   EquivalentTo: 
Class: Brown Germinated Rice  # Generated from value "Brown Germinated Rice" located at cell 'Cereals'!B10.
   SubClassOf: Cereal
   EquivalentTo: 
Class: Hightland Brown Rice  # Generated from value "Hightland Brown Rice" located at cell 'Cereals'!B11.
   SubClassOf: Cereal
   EquivalentTo: 
Class: Hightland Red Brown Rice  # Generated from value "Hightland Red Brown Rice" located at cell 'Cereals'!B12.
   SubClassOf: Cereal
   EquivalentTo: 
Class: Homnil Brown Rice  # Generated from value "Homnil Brown Rice" located at cell 'Cereals'!B13.
   SubClassOf: Cereal
   EquivalentTo: 
Class: Jasmine Brown Rice  # Generated from value "Jasmine Brown Rice" located at cell 'Cereals'!B14.
   SubClassOf: Cereal
   EquivalentTo: 
Class: Polished Rice 5 percents  # Generated from value "Polished Rice 5 percents" located at cell 'Cereals'!B15.
   SubClassOf: Cereal
   EquivalentTo: 
Class: Polished Rice 10 percents  # Generated from value "Polished Rice 10 percents" located at cell 'Cereals'!B16.
   SubClassOf: Cereal
   EquivalentTo: 
Class: Polished Rice 100 percents  # Generated from value "Polished Rice 100 percents" located at cell 'Cereals'!B17.
   SubClassOf: Cereal
   EquivalentTo: 
Class: Vit. B Coated Rice  # Generated from value "Vit. B Coated Rice" located at cell 'Cereals'!B18.
   SubClassOf: Cereal
   EquivalentTo: 
Class: Unpolished Rice  # Generated from value "Unpolished Rice" located at cell 'Cereals'!B19.
   SubClassOf: Cereal
   EquivalentTo: 
Class: Steamed Polished Rice  # Generated from value "Steamed Polished Rice" located at cell 'Cereals'!B20.
   SubClassOf: Cereal
   EquivalentTo: 
Class: Broken Rice  # Generated from value "Broken Rice" located at cell 'Cereals'!B21.
   SubClassOf: Cereal
   EquivalentTo: 
Class: Chumsang Polished Rice  # Generated from value "Chumsang Polished Rice" located at cell 'Cereals'!B22.
   SubClassOf: Cereal
   EquivalentTo: 
Class: Chainat 1 Polished Rice  # Generated from value "Chainat 1 Polished Rice" located at cell 'Cereals'!B23.
   SubClassOf: Cereal
   EquivalentTo: 
Class: Munpu Polished Rice  # Generated from value "Munpu Polished Rice" located at cell 'Cereals'!B24.
   SubClassOf: Cereal
   EquivalentTo: 
Class: Riceberry Polished Rice  # Generated from value "Riceberry Polished Rice" located at cell 'Cereals'!B25.
   SubClassOf: Cereal
   EquivalentTo: 
Class: Sangyod Polished Rice  # Generated from value "Sangyod Polished Rice" located at cell 'Cereals'!B26.
   SubClassOf: Cereal
   EquivalentTo: 
Class: Sauhai Polished Rice  # Generated from value "Sauhai Polished Rice" located at cell 'Cereals'!B27.
   SubClassOf: Cereal
   EquivalentTo: 
Class: Homnil Polished Rice  # Generated from value "Homnil Polished Rice" located at cell 'Cereals'!B28.
   SubClassOf: Cereal
   EquivalentTo: 
Class: Jasmine Polished Rice  # Generated from value "Jasmine Polished Rice" located at cell 'Cereals'!B29.
   SubClassOf: Cereal
   EquivalentTo: 
Class: Basmati Polished Rice  # Generated from value "Basmati Polished Rice" located at cell 'Cereals'!B30.
   SubClassOf: Cereal
   EquivalentTo: 
Class: Barley  # Generated from value "Barley" located at cell 'Cereals'!B31.
   SubClassOf: Cereal
   EquivalentTo: 
Class: Boiled Yellow Corn  # Generated from value "Boiled Yellow Corn" located at cell 'Cereals'!B32.
   SubClassOf: Cereal
   EquivalentTo: 
Class: Yellow Corn  # Generated from value "Yellow Corn" located at cell 'Cereals'!B33.
   SubClassOf: Cereal
   EquivalentTo: 
Class: Waxy Corn  # Generated from value "Waxy Corn" located at cell 'Cereals'!B34.
   SubClassOf: Cereal
   EquivalentTo: Sticky corn
Class: Sorghum  # Generated from value "Sorghum" located at cell 'Cereals'!B35.
   SubClassOf: Cereal
   EquivalentTo: 
Class: Wheat  # Generated from value "Wheat" located at cell 'Cereals'!B36.
   SubClassOf: Cereal
   EquivalentTo: 
Class: Dried Germ Wheat  # Generated from value "Dried Germ Wheat" located at cell 'Cereals'!B37.
   SubClassOf: Cereal
   EquivalentTo: 
Class: Wheat  # Generated from value "Wheat" located at cell 'Cereals'!B38.
   SubClassOf: Cereal
   EquivalentTo: Wheat bran
Class: Glutinous Rice  # Generated from value "Glutinous Rice" located at cell 'Cereals'!B39.
   SubClassOf: Cereal
   EquivalentTo: 
Class: Black Glutinous Rice  # Generated from value "Black Glutinous Rice" located at cell 'Cereals'!B40.
   SubClassOf: Cereal
   EquivalentTo: 
Class: Black Glutinous Rice  # Generated from value "Black Glutinous Rice" located at cell 'Cereals'!B41.
   SubClassOf: Cereal
   EquivalentTo: 
Class: Glutinous Steamed Rice  # Generated from value "Glutinous Steamed Rice" located at cell 'Cereals'!B42.
   SubClassOf: Cereal
   EquivalentTo: 
Class: Brown Glutinous Rice  # Generated from value "Brown Glutinous Rice" located at cell 'Cereals'!B43.
   SubClassOf: Cereal
   EquivalentTo: 
Class: Oats  # Generated from value "Oats" located at cell 'Cereals'!B44.
   SubClassOf: Cereal
   EquivalentTo: 
Class: Germinated Brown Rice Beverage  # Generated from value "Germinated Brown Rice Beverage" located at cell 'Cereals'!B45.
   SubClassOf: Cereal
   EquivalentTo: 
Class: Corn Milk  # Generated from value "Corn Milk" located at cell 'Cereals'!B46.
   SubClassOf: Cereal
   EquivalentTo: 
Class: Young Rice Milk  # Generated from value "Young Rice Milk" located at cell 'Cereals'!B47.
   SubClassOf: Cereal
   EquivalentTo: 
Class: Young Rice Milk Powder  # Generated from value "Young Rice Milk Powder" located at cell 'Cereals'!B48.
   SubClassOf: Cereal
   EquivalentTo: 
Class: Noodles Wheat  # Generated from value "Noodles Wheat" located at cell 'Cereals'!B49.
   SubClassOf: Cereal
   EquivalentTo: 
Class: Rice Flour  # Generated from value "Rice Flour" located at cell 'Cereals'!B50.
   SubClassOf: Cereal
   EquivalentTo: 
Class: Job's Tears Seeds  # Generated from value "Job's Tears Seeds" located at cell 'Cereals'!B51.
   SubClassOf: Cereal
   EquivalentTo: 
Class: Dried Noodles Rice Vermicelli  # Generated from value "Dried Noodles Rice Vermicelli" located at cell 'Cereals'!B52.
   SubClassOf: Cereal
   EquivalentTo: 
Class: Small Dried Noodle Rice  # Generated from value "Small Dried Noodle Rice" located at cell 'Cereals'!B4.
   SubClassOf: Cereal
   EquivalentTo: 
Class: Small Fresh Noodle Rice  # Generated from value "Small Fresh Noodle Rice" located at cell 'Cereals'!B5.
   SubClassOf: Cereal
   EquivalentTo: 
Class: Big Fresh Noodle Rice  # Generated from value "Big Fresh Noodle Rice" located at cell 'Cereals'!B6.
   SubClassOf: Cereal
   EquivalentTo: 
Class: Cooked Noodle Rice  # Generated from value "Cooked Noodle Rice" located at cell 'Cereals'!B7.
   SubClassOf: Cereal
   EquivalentTo: 
Class: Fermented Noodle Rice  # Generated from value "Fermented Noodle Rice" located at cell 'Cereals'!B8.
   SubClassOf: Cereal
   EquivalentTo: 
Class: Bread  # Generated from value "Bread" located at cell 'Cereals'!B9.
   SubClassOf: Cereal
   EquivalentTo: 
Class: Brown Germinated Rice  # Generated from value "Brown Germinated Rice" located at cell 'Cereals'!B10.
   SubClassOf: Cereal
   EquivalentTo: 
Class: Hightland Brown Rice  # Generated from value "Hightland Brown Rice" located at cell 'Cereals'!B11.
   SubClassOf: Cereal
   EquivalentTo: 
Class: Hightland Red Brown Rice  # Generated from value "Hightland Red Brown Rice" located at cell 'Cereals'!B12.
   SubClassOf: Cereal
   EquivalentTo: 
Class: Homnil Brown Rice  # Generated from value "Homnil Brown Rice" located at cell 'Cereals'!B13.
   SubClassOf: Cereal
   EquivalentTo: 
Class: Jasmine Brown Rice  # Generated from value "Jasmine Brown Rice" located at cell 'Cereals'!B14.
   SubClassOf: Cereal
   EquivalentTo: 
Class: Polished Rice 5 percents  # Generated from value "Polished Rice 5 percents" located at cell 'Cereals'!B15.
   SubClassOf: Cereal
   EquivalentTo: 
Class: Polished Rice 10 percents  # Generated from value "Polished Rice 10 percents" located at cell 'Cereals'!B16.
   SubClassOf: Cereal
   EquivalentTo: 
Class: Polished Rice 100 percents  # Generated from value "Polished Rice 100 percents" located at cell 'Cereals'!B17.
   SubClassOf: Cereal
   EquivalentTo: 
Class: Vit. B Coated Rice  # Generated from value "Vit. B Coated Rice" located at cell 'Cereals'!B18.
   SubClassOf: Cereal
   EquivalentTo: 
Class: Unpolished Rice  # Generated from value "Unpolished Rice" located at cell 'Cereals'!B19.
   SubClassOf: Cereal
   EquivalentTo: 
Class: Steamed Polished Rice  # Generated from value "Steamed Polished Rice" located at cell 'Cereals'!B20.
   SubClassOf: Cereal
   EquivalentTo: 
Class: Broken Rice  # Generated from value "Broken Rice" located at cell 'Cereals'!B21.
   SubClassOf: Cereal
   EquivalentTo: 
Class: Chumsang Polished Rice  # Generated from value "Chumsang Polished Rice" located at cell 'Cereals'!B22.
   SubClassOf: Cereal
   EquivalentTo: 
Class: Chainat 1 Polished Rice  # Generated from value "Chainat 1 Polished Rice" located at cell 'Cereals'!B23.
   SubClassOf: Cereal
   EquivalentTo: 
Class: Munpu Polished Rice  # Generated from value "Munpu Polished Rice" located at cell 'Cereals'!B24.
   SubClassOf: Cereal
   EquivalentTo: 
Class: Riceberry Polished Rice  # Generated from value "Riceberry Polished Rice" located at cell 'Cereals'!B25.
   SubClassOf: Cereal
   EquivalentTo: 
Class: Sangyod Polished Rice  # Generated from value "Sangyod Polished Rice" located at cell 'Cereals'!B26.
   SubClassOf: Cereal
   EquivalentTo: 
Class: Sauhai Polished Rice  # Generated from value "Sauhai Polished Rice" located at cell 'Cereals'!B27.
   SubClassOf: Cereal
   EquivalentTo: 
Class: Homnil Polished Rice  # Generated from value "Homnil Polished Rice" located at cell 'Cereals'!B28.
   SubClassOf: Cereal
   EquivalentTo: 
Class: Jasmine Polished Rice  # Generated from value "Jasmine Polished Rice" located at cell 'Cereals'!B29.
   SubClassOf: Cereal
   EquivalentTo: 
Class: Basmati Polished Rice  # Generated from value "Basmati Polished Rice" located at cell 'Cereals'!B30.
   SubClassOf: Cereal
   EquivalentTo: 
Class: Barley  # Generated from value "Barley" located at cell 'Cereals'!B31.
   SubClassOf: Cereal
   EquivalentTo: 
Class: Boiled Yellow Corn  # Generated from value "Boiled Yellow Corn" located at cell 'Cereals'!B32.
   SubClassOf: Cereal
   EquivalentTo: 
Class: Yellow Corn  # Generated from value "Yellow Corn" located at cell 'Cereals'!B33.
   SubClassOf: Cereal
   EquivalentTo: 
Class: Waxy Corn  # Generated from value "Waxy Corn" located at cell 'Cereals'!B34.
   SubClassOf: Cereal
   EquivalentTo: Sticky corn
Class: Sorghum  # Generated from value "Sorghum" located at cell 'Cereals'!B35.
   SubClassOf: Cereal
   EquivalentTo: 
Class: Wheat  # Generated from value "Wheat" located at cell 'Cereals'!B36.
   SubClassOf: Cereal
   EquivalentTo: 
Class: Dried Germ Wheat  # Generated from value "Dried Germ Wheat" located at cell 'Cereals'!B37.
   SubClassOf: Cereal
   EquivalentTo: 
Class: Wheat  # Generated from value "Wheat" located at cell 'Cereals'!B38.
   SubClassOf: Cereal
   EquivalentTo: Wheat bran
Class: Glutinous Rice  # Generated from value "Glutinous Rice" located at cell 'Cereals'!B39.
   SubClassOf: Cereal
   EquivalentTo: 
Class: Black Glutinous Rice  # Generated from value "Black Glutinous Rice" located at cell 'Cereals'!B40.
   SubClassOf: Cereal
   EquivalentTo: 
Class: Black Glutinous Rice  # Generated from value "Black Glutinous Rice" located at cell 'Cereals'!B41.
   SubClassOf: Cereal
   EquivalentTo: 
Class: Glutinous Steamed Rice  # Generated from value "Glutinous Steamed Rice" located at cell 'Cereals'!B42.
   SubClassOf: Cereal
   EquivalentTo: 
Class: Brown Glutinous Rice  # Generated from value "Brown Glutinous Rice" located at cell 'Cereals'!B43.
   SubClassOf: Cereal
   EquivalentTo: 
Class: Oats  # Generated from value "Oats" located at cell 'Cereals'!B44.
   SubClassOf: Cereal
   EquivalentTo: 
Class: Germinated Brown Rice Beverage  # Generated from value "Germinated Brown Rice Beverage" located at cell 'Cereals'!B45.
   SubClassOf: Cereal
   EquivalentTo: 
Class: Corn Milk  # Generated from value "Corn Milk" located at cell 'Cereals'!B46.
   SubClassOf: Cereal
   EquivalentTo: 
Class: Young Rice Milk  # Generated from value "Young Rice Milk" located at cell 'Cereals'!B47.
   SubClassOf: Cereal
   EquivalentTo: 
Class: Young Rice Milk Powder  # Generated from value "Young Rice Milk Powder" located at cell 'Cereals'!B48.
   SubClassOf: Cereal
   EquivalentTo: 
Class: Noodles Wheat  # Generated from value "Noodles Wheat" located at cell 'Cereals'!B49.
   SubClassOf: Cereal
   EquivalentTo: 
Class: Rice Flour  # Generated from value "Rice Flour" located at cell 'Cereals'!B50.
   SubClassOf: Cereal
   EquivalentTo: 
Class: Job's Tears Seeds  # Generated from value "Job's Tears Seeds" located at cell 'Cereals'!B51.
   SubClassOf: Cereal
   EquivalentTo: 
Class: Dried Noodles Rice Vermicelli  # Generated from value "Dried Noodles Rice Vermicelli" located at cell 'Cereals'!B52.
   SubClassOf: Cereal
   EquivalentTo: 

===========================================================================================================
